<?xml version="1.0" encoding="UTF-8"?>
<testng-results total="1" passed="1" failed="0" skipped="0">
  <reporter-output>
  </reporter-output>
  <suite started-at="2021-03-23T09:34:11Z" name="Default suite" finished-at="2021-03-23T09:38:40Z" duration-ms="269287">
    <groups>
      <group name="cucumber">
        <method signature="TestRunner.feature(cucumber.api.testng.CucumberFeatureWrapper)[pri:0, instance:runner.TestRunner@4196c360]" name="feature" class="runner.TestRunner"/>
      </group> <!-- cucumber -->
    </groups>
    <test started-at="2021-03-23T09:34:11Z" name="Default test" finished-at="2021-03-23T09:38:40Z" duration-ms="269287">
      <class name="runner.TestRunner">
        <test-method is-config="true" signature="setUpClass()[pri:0, instance:runner.TestRunner@4196c360]" started-at="2021-03-23T15:04:11Z" name="setUpClass" finished-at="2021-03-23T15:04:11Z" duration-ms="300" status="PASS">
          <reporter-output>
          </reporter-output>
        </test-method> <!-- setUpClass -->
        <test-method signature="feature(cucumber.api.testng.CucumberFeatureWrapper)[pri:0, instance:runner.TestRunner@4196c360]" started-at="2021-03-23T15:04:11Z" name="feature" description="Run cucumber Feature" data-provider="features" finished-at="2021-03-23T15:08:40Z" duration-ms="268668" status="PASS">
          <params>
            <param index="0">
              <value>
                <![CDATA[Google_Search]]>
              </value>
            </param>
          </params>
          <reporter-output>
          </reporter-output>
        </test-method> <!-- feature -->
        <test-method is-config="true" signature="tearDownClass()[pri:0, instance:runner.TestRunner@4196c360]" started-at="2021-03-23T15:08:40Z" name="tearDownClass" finished-at="2021-03-23T15:08:40Z" duration-ms="245" status="PASS">
          <reporter-output>
          </reporter-output>
        </test-method> <!-- tearDownClass -->
        <test-method is-config="true" signature="afterScenario()[pri:0, instance:runner.TestRunner@4196c360]" started-at="2021-03-23T15:08:40Z" name="afterScenario" finished-at="2021-03-23T15:08:40Z" duration-ms="1" status="PASS">
          <reporter-output>
          </reporter-output>
        </test-method> <!-- afterScenario -->
      </class> <!-- runner.TestRunner -->
    </test> <!-- Default test -->
  </suite> <!-- Default suite -->
</testng-results>
